[debug] [2021-10-30T17:31:34.861Z] ----------------------------------------------------------------------
[debug] [2021-10-30T17:31:34.864Z] Command:       C:\Program Files\nodejs\node.exe C:\Users\user\AppData\Roaming\npm\node_modules\firebase-tools\lib\bin\firebase.js init
[debug] [2021-10-30T17:31:34.865Z] CLI Version:   9.21.0
[debug] [2021-10-30T17:31:34.865Z] Platform:      win32
[debug] [2021-10-30T17:31:34.865Z] Node Version:  v14.16.1
[debug] [2021-10-30T17:31:34.866Z] Time:          Sat Oct 30 2021 10:31:34 GMT-0700 (Pacific Daylight Time)
[debug] [2021-10-30T17:31:34.866Z] ----------------------------------------------------------------------
[debug] 
[debug] [2021-10-30T17:31:34.926Z] > command requires scopes: ["email","openid","https://www.googleapis.com/auth/cloudplatformprojects.readonly","https://www.googleapis.com/auth/firebase","https://www.googleapis.com/auth/cloud-platform"]
[debug] [2021-10-30T17:31:34.926Z] > authorizing via signed-in user (mdrajuahmed1129@gmail.com)
[info] 
     ######## #### ########  ######## ########     ###     ######  ########
     ##        ##  ##     ## ##       ##     ##  ##   ##  ##       ##
     ######    ##  ########  ######   ########  #########  ######  ######
     ##        ##  ##    ##  ##       ##     ## ##     ##       ## ##
     ##       #### ##     ## ######## ########  ##     ##  ######  ########

You're about to initialize a Firebase project in this directory:

  E:\Assingment\Safe-Journey

Before we get started, keep in mind:

  * You are initializing within an existing Firebase project directory

[info] 
=== Project Setup
[info] 
[info] First, let's associate this project directory with a Firebase project.
[info] You can create multiple project aliases by running firebase use --add, 
[info] but for now we'll just set up a default project.
[info] 
[info] i  .firebaserc already has a default project, using general-hospital-423e4. 
[debug] [2021-10-30T17:31:45.807Z] >>> [apiv2][query] GET https://firebase.googleapis.com/v1beta1/projects/general-hospital-423e4 [none]
[debug] [2021-10-30T17:31:46.741Z] <<< [apiv2][status] GET https://firebase.googleapis.com/v1beta1/projects/general-hospital-423e4 403
[debug] [2021-10-30T17:31:46.741Z] <<< [apiv2][body] GET https://firebase.googleapis.com/v1beta1/projects/general-hospital-423e4 {"error":{"code":403,"message":"The caller does not have permission","status":"PERMISSION_DENIED"}}
[debug] [2021-10-30T17:31:46.742Z] HTTP Error: 403, The caller does not have permission
[debug] [2021-10-30T17:31:47.286Z] FirebaseError: HTTP Error: 403, The caller does not have permission
    at module.exports (C:\Users\user\AppData\Roaming\npm\node_modules\firebase-tools\lib\responseToError.js:38:12)
    at Client.doRequest (C:\Users\user\AppData\Roaming\npm\node_modules\firebase-tools\lib\apiv2.js:240:23)
    at processTicksAndRejections (internal/process/task_queues.js:93:5)
    at async Client.request (C:\Users\user\AppData\Roaming\npm\node_modules\firebase-tools\lib\apiv2.js:96:20)
    at async Object.getFirebaseProject (C:\Users\user\AppData\Roaming\npm\node_modules\firebase-tools\lib\management\projects.js:290:21)
    at async Object.doSetup [as project] (C:\Users\user\AppData\Roaming\npm\node_modules\firebase-tools\lib\init\features\project.js:77:27)
    at async init (C:\Users\user\AppData\Roaming\npm\node_modules\firebase-tools\lib\init\index.js:19:9)
[error] 
[error] Error: Failed to get Firebase project general-hospital-423e4. Please make sure the project exists and your account has permission to access it.
